2026-06-15 03:09:28,333 | ======================================================================
2026-06-15 03:09:28,333 | CMSMET END-TO-END EXPERIMENT (HuBERT UNFROZEN)
2026-06-15 03:09:28,333 | ======================================================================
2026-06-15 03:09:28,333 | Device: cuda
2026-06-15 03:09:28,333 | Seeds: [42]
2026-06-15 03:09:28,333 | Config: {
  "embedding_dim": 768,
  "projection_hidden": 256,
  "projection_output": 128,
  "num_classes": 4,
  "dropout": 0.2,
  "num_epochs": 15,
  "batch_size": 4,
  "gradient_clip": 1.0,
  "patience": 5,
  "label_smoothing": 0.1,
  "grad_accum_steps": 16,
  "max_audio_len": 80000,
  "num_unfrozen_layers": 2,
  "hubert_lr": 2e-05,
  "projection_lr": 0.0001,
  "classifier_lr": 0.001,
  "weight_decay": 0.01,
  "lambda_contrastive": 0.1,
  "supcon_epochs": 20,
  "supcon_temperature": 0.07,
  "supcon_batch_size": 256
}
2026-06-15 03:09:29,841 | Loaded 5529 embeddings for Stage 1 SupCon
2026-06-15 03:09:41,844 | Loaded 13240 MERT music embeddings
2026-06-15 03:09:41,850 | 
======================================================================
2026-06-15 03:09:41,850 | E2E LOSO: 1 folds x 1 seeds
2026-06-15 03:09:41,851 | HuBERT: UNFROZEN (last 2 layers, lr=2e-05)
2026-06-15 03:09:41,851 | ======================================================================

2026-06-15 03:09:42,152 | --- FOLD 1/5: Test {'Ses01F', 'Ses01M'} (train=4444, test=1085) ---
2026-06-15 03:09:42,161 |   [Stage1] SupCon excluding session 1 (4444 train, 1085 held-out)
2026-06-15 03:09:43,549 |   [Stage1] Epoch 1/20 Loss: 6.6752 (best: 6.6752)
2026-06-15 03:09:46,867 |   [Stage1] Epoch 10/20 Loss: 6.0355 (best: 6.0355)
2026-06-15 03:09:50,542 |   [Stage1] Epoch 20/20 Loss: 5.9219 (best: 5.9219)
2026-06-15 03:09:50,542 |   [Stage1] Done. Best loss: 5.9219
2026-06-15 03:09:53,707 |   [BASELINE] Params: 95,363,716 total, 15,169,284 trainable
2026-06-15 03:09:53,707 |     Loss: CE-only
2026-06-15 03:09:53,707 |     LR: HuBERT=2e-05, Proj=0.0001, Clf=0.001
2026-06-15 03:09:53,713 |     Batch=4 x GradAccum=16 = effective 64
2026-06-15 03:09:53,713 |   Training 15 epochs (patience=5)
2026-06-15 03:13:27,532 |     Epoch  1 | Train: 1.2022 | Val: 1.1207 | UA: 0.5985 | WA: 0.5548 ★
2026-06-15 03:16:58,035 |     Epoch  2 | Train: 1.0566 | Val: 1.1076 | UA: 0.6272 | WA: 0.5641 ★
2026-06-15 03:21:59,344 |     Epoch  3 | Train: 1.0072 | Val: 1.0976 | UA: 0.6330 | WA: 0.5788 ★
2026-06-15 03:25:22,277 |     Epoch  4 | Train: 0.9774 | Val: 1.0719 | UA: 0.6475 | WA: 0.5926 ★
2026-06-15 03:32:39,224 |     Epoch  5 | Train: 0.9569 | Val: 1.0441 | UA: 0.6537 | WA: 0.5972 ★
2026-06-15 03:39:58,996 |     Epoch  6 | Train: 0.9238 | Val: 1.0867 | UA: 0.6383 | WA: 0.5862
2026-06-15 03:46:42,939 |     Epoch  7 | Train: 0.8972 | Val: 1.0010 | UA: 0.6547 | WA: 0.6286 ★
2026-06-15 03:58:27,852 |     Epoch  9 | Train: 0.8611 | Val: 1.0686 | UA: 0.6419 | WA: 0.5982
2026-06-15 04:14:55,636 |     Epoch 12 | Train: 0.8149 | Val: 1.0504 | UA: 0.6597 | WA: 0.6249
2026-06-15 04:14:55,636 |     Early stop at epoch 12
2026-06-15 04:15:54,678 |   [OK] Best: Epoch 7 | UA: 0.6547 | WA: 0.6286
2026-06-15 04:15:54,802 |   [BASELINE    ] Fold 1 -- UA: 0.6547+/-0.0000
2026-06-15 04:15:58,897 |   [CONTRASTIVE] Params: 95,363,716 total, 14,673,540 trainable
2026-06-15 04:15:58,897 |     Loss: JOINT (λ=0.1)
2026-06-15 04:15:58,898 |     LR: HuBERT=2e-05, Proj=0.0001, Clf=0.001
2026-06-15 04:15:58,898 |     Batch=4 x GradAccum=16 = effective 64
2026-06-15 04:15:58,898 |   Training 15 epochs (patience=5)
2026-06-15 04:23:49,848 |     Epoch  1 | Train: 1.3102 [CE:1.115 SC:1.952] | Val: 1.0812 | UA: 0.6266 | WA: 0.5705 ★
2026-06-15 04:32:14,920 |     Epoch  2 | Train: 1.1861 [CE:0.999 SC:1.867] | Val: 1.0622 | UA: 0.6534 | WA: 0.6009 ★
2026-06-15 04:38:35,124 |     Epoch  3 | Train: 1.1573 [CE:0.974 SC:1.837] | Val: 1.0393 | UA: 0.6490 | WA: 0.6101 ★
2026-06-15 04:42:42,856 |     Epoch  4 | Train: 1.1160 [CE:0.935 SC:1.812] | Val: 1.0225 | UA: 0.6567 | WA: 0.6120 ★
2026-06-15 04:46:35,476 |     Epoch  5 | Train: 1.0950 [CE:0.914 SC:1.811] | Val: 1.0147 | UA: 0.6543 | WA: 0.6157 ★
2026-06-15 04:50:31,468 |     Epoch  6 | Train: 1.0674 [CE:0.887 SC:1.804] | Val: 1.1001 | UA: 0.6471 | WA: 0.5954
2026-06-15 05:03:31,825 |     Epoch  9 | Train: 1.0082 [CE:0.830 SC:1.783] | Val: 1.0618 | UA: 0.6444 | WA: 0.6074
2026-06-15 05:07:31,630 |     Early stop at epoch 10
2026-06-15 05:08:01,612 |   [OK] Best: Epoch 5 | UA: 0.6543 | WA: 0.6157
2026-06-15 05:08:01,650 |   [CONTRASTIVE ] Fold 1 -- UA: 0.6543+/-0.0000
2026-06-15 05:08:01,653 | 
======================================================================
2026-06-15 05:08:01,653 | FINAL RESULTS (HuBERT UNFROZEN)
2026-06-15 05:08:01,653 | ======================================================================
2026-06-15 05:08:01,653 |   Baseline (random proj):    UA = 0.6547 +/- 0.0000
2026-06-15 05:08:01,653 |   CMSMET   (SupCon proj):    UA = 0.6543 +/- 0.0000
2026-06-15 05:08:01,653 |   Improvement:               dUA = -0.0004 (-0.04%)
2026-06-15 05:08:01,653 |   Significance:              t=0.000, p=1.0000 (n.s.)
2026-06-15 05:08:01,653 | ======================================================================

2026-06-15 05:08:01,791 | Results saved to C:\Users\Faraz\CMSMET\outputs\paper_results_e2e
2026-06-15 05:08:01,791 | Total time: 118.6 minutes
